 model_0000.out
************************************************************************
**                                                                    **
**                                                                    **
**                        OpenRadioss Starter                         **
**                                                                    **
**            Non-linear Finite Element Analysis Software             **
**                                                                    **
**                                                                    **
**                                                                    **
**                    Linux 64 bits, GNU compiler                     **
**                      Double Precision Version                      **
**                                                                    **
**                                                                    **
**                                                                    **
************************************************************************
** OpenRadioss Software                                               **
** COPYRIGHT (C) 1986-2025 Altair Engineering, Inc.                   **
** Licensed under GNU Affero General Public License.                  **
** See License file.                                                  **
************************************************************************
 
  
 COMPUTATION HARDWARE DESCRIPTION
  
 HOSTNAME     CPU TYPE, FREQUENCY AND MEMORY
 MSI   12th Gen Intel(R) Core(TM) i7-12700H (x86_64), 2687 MHz,  15843 MB RAM,   4096 MB swap
  
 STACKSIZE  . . . . . . . . . . . . . . . . . . . . 8 MB
 THREAD STACKSIZE . . . . . . . . . . . . . . . . . 0 MB
 
************************************************************************


************************************************************************
* INPUT READING PROCESS
************************************************************************

ERROR ID : 100002
** ERROR IN INPUT FORMAT
DESCRIPTION :  
-- BLOCK: 
-- LINE: 
Include file mesh.inc not found

ERROR ID :   2000
** ERROR WHILE READING INPUT FILE
DESCRIPTION :  
   1 ERRORS FOUND


 RADIOSS STOP DUE TO INPUT ERROR


------------------------------------------------------------------------------------------------------------------------
|            ERROR(S) SUMMARY                               |             WARNING(S) SUMMARY                           |
------------------------------------------------------------------------------------------------------------------------
|                                                           |                                                          |
|  --- GLOBAL UNITS                           2   ERROR(S)  |                                                          |
|       |                                                   |                                                          |
|       |                                                   |                                                          |
|       |---     1   ERROR ID :         2000                |                                                          |
|       | ** ERROR WHILE READING INPUT FILE                 |                                                          |
|       |                                                   |                                                          |
|       |---     1   ERROR ID :       100002                |                                                          |
|       | ** ERROR IN INPUT FORMAT                          |                                                          |
|       |                                                   |                                                          |
|                                                           |                                                          |
|                                                           |                                                          |
------------------------------------------------------------------------------------------------------------------------







     ERROR TERMINATION                  
     ------------------                                                                  
              2ERROR(S)            
